<?xml version="1.0" encoding="UTF-8"?>
<!-- Generated by org.testng.reporters.JUnitReportReporter -->
<testsuite hostname="DESKTOP-G5CQLLS" failures="0" tests="1" name="TestAddress.TC_001_Verify_User_is_able_to_add_address_or_not" time="15.524" errors="0" timestamp="2026-04-09T20:29:01 IST" skipped="0">
  <testcase classname="TestAddress.TC_001_Verify_User_is_able_to_add_address_or_not" name="addAddress" time="15.524"/>
</testsuite> <!-- TestAddress.TC_001_Verify_User_is_able_to_add_address_or_not -->
