<?xml version="1.0" encoding="UTF-8"?>
<testng-results ignored="0" total="1" passed="1" failed="0" skipped="0">
  <reporter-output>
  </reporter-output>
  <suite started-at="2026-04-09T20:28:35 IST" name="Default suite" finished-at="2026-04-09T20:29:01 IST" duration-ms="26376">
    <groups>
    </groups>
    <test started-at="2026-04-09T20:28:35 IST" name="Default test" finished-at="2026-04-09T20:29:01 IST" duration-ms="26376">
      <class name="TestAddress.TC_001_Verify_User_is_able_to_add_address_or_not">
        <test-method is-config="true" signature="bs()[pri:0, instance:TestAddress.TC_001_Verify_User_is_able_to_add_address_or_not@74e52ef6]" started-at="2026-04-09T20:28:35 IST" name="bs" finished-at="2026-04-09T20:28:35 IST" duration-ms="22" status="PASS">
          <reporter-output>
          </reporter-output>
        </test-method> <!-- bs -->
        <test-method is-config="true" signature="bt()[pri:0, instance:TestAddress.TC_001_Verify_User_is_able_to_add_address_or_not@74e52ef6]" started-at="2026-04-09T20:28:35 IST" name="bt" finished-at="2026-04-09T20:28:35 IST" duration-ms="565" status="PASS">
          <reporter-output>
          </reporter-output>
        </test-method> <!-- bt -->
        <test-method is-config="true" signature="bc()[pri:0, instance:TestAddress.TC_001_Verify_User_is_able_to_add_address_or_not@74e52ef6]" started-at="2026-04-09T20:28:35 IST" name="bc" finished-at="2026-04-09T20:28:42 IST" duration-ms="6077" status="PASS">
          <reporter-output>
          </reporter-output>
        </test-method> <!-- bc -->
        <test-method is-config="true" signature="bm()[pri:0, instance:TestAddress.TC_001_Verify_User_is_able_to_add_address_or_not@74e52ef6]" started-at="2026-04-09T20:28:42 IST" name="bm" finished-at="2026-04-09T20:28:44 IST" duration-ms="2510" status="PASS">
          <reporter-output>
          </reporter-output>
        </test-method> <!-- bm -->
        <test-method signature="addAddress()[pri:0, instance:TestAddress.TC_001_Verify_User_is_able_to_add_address_or_not@74e52ef6]" started-at="2026-04-09T20:28:44 IST" name="addAddress" finished-at="2026-04-09T20:28:56 IST" duration-ms="11717" status="PASS">
          <reporter-output>
          </reporter-output>
        </test-method> <!-- addAddress -->
        <test-method is-config="true" signature="am()[pri:0, instance:TestAddress.TC_001_Verify_User_is_able_to_add_address_or_not@74e52ef6]" started-at="2026-04-09T20:28:56 IST" name="am" finished-at="2026-04-09T20:28:57 IST" duration-ms="1297" status="PASS">
          <reporter-output>
          </reporter-output>
        </test-method> <!-- am -->
        <test-method is-config="true" signature="ac()[pri:0, instance:TestAddress.TC_001_Verify_User_is_able_to_add_address_or_not@74e52ef6]" started-at="2026-04-09T20:28:57 IST" name="ac" finished-at="2026-04-09T20:29:01 IST" duration-ms="3477" status="PASS">
          <reporter-output>
          </reporter-output>
        </test-method> <!-- ac -->
        <test-method is-config="true" signature="at()[pri:0, instance:TestAddress.TC_001_Verify_User_is_able_to_add_address_or_not@74e52ef6]" started-at="2026-04-09T20:29:01 IST" name="at" finished-at="2026-04-09T20:29:01 IST" duration-ms="625" status="PASS">
          <reporter-output>
          </reporter-output>
        </test-method> <!-- at -->
        <test-method is-config="true" signature="as()[pri:0, instance:TestAddress.TC_001_Verify_User_is_able_to_add_address_or_not@74e52ef6]" started-at="2026-04-09T20:29:01 IST" name="as" finished-at="2026-04-09T20:29:01 IST" duration-ms="2" status="PASS">
          <reporter-output>
          </reporter-output>
        </test-method> <!-- as -->
      </class> <!-- TestAddress.TC_001_Verify_User_is_able_to_add_address_or_not -->
    </test> <!-- Default test -->
  </suite> <!-- Default suite -->
</testng-results>
